{"level":"\u001b[32minfo\u001b[39m","message":"{\"method\":\"GET\",\"url\":\"/api/v1/users/\",\"status\":\"200\",\"responseTime\":\"17.953\"}","timestamp":"2024-09-03T17:27:32.281Z"}
{"level":"\u001b[32minfo\u001b[39m","message":"{\"method\":\"POST\",\"url\":\"/api/v1/users/login\",\"status\":\"404\",\"responseTime\":\"341.512\"}","timestamp":"2024-09-04T06:02:06.109Z"}
{"level":"\u001b[32minfo\u001b[39m","message":"{\"method\":\"POST\",\"url\":\"/api/v1/users/login\",\"status\":\"200\",\"responseTime\":\"96.623\"}","timestamp":"2024-09-04T06:07:14.815Z"}
{"level":"\u001b[32minfo\u001b[39m","message":"{\"method\":\"GET\",\"url\":\"/api/v1/users/check-cookie\",\"status\":\"304\",\"responseTime\":\"1.194\"}","timestamp":"2024-09-04T06:07:14.830Z"}
{"level":"\u001b[32minfo\u001b[39m","message":"{\"method\":\"GET\",\"url\":\"/api/v1/users/\",\"status\":\"200\",\"responseTime\":\"16.096\"}","timestamp":"2024-09-04T06:07:14.850Z"}
{"level":"\u001b[32minfo\u001b[39m","message":"{\"method\":\"POST\",\"url\":\"/api/v1/users/login\",\"status\":\"404\",\"responseTime\":\"98.099\"}","timestamp":"2024-09-04T06:15:45.450Z"}
{"level":"\u001b[32minfo\u001b[39m","message":"{\"method\":\"POST\",\"url\":\"/api/v1/users/login\",\"status\":\"404\",\"responseTime\":\"84.801\"}","timestamp":"2024-09-04T06:15:49.738Z"}
{"level":"\u001b[32minfo\u001b[39m","message":"{\"method\":\"POST\",\"url\":\"/api/v1/users/login\",\"status\":\"404\",\"responseTime\":\"87.038\"}","timestamp":"2024-09-04T06:15:50.288Z"}
{"level":"\u001b[32minfo\u001b[39m","message":"{\"method\":\"POST\",\"url\":\"/api/v1/users/login\",\"status\":\"404\",\"responseTime\":\"87.931\"}","timestamp":"2024-09-04T06:18:22.369Z"}
{"level":"\u001b[31merror\u001b[39m","message":"{\"method\":\"POST\",\"url\":\"/api/v1/users/login\",\"status\":\"404\",\"responseTime\":\"85.304\"}","timestamp":"2024-09-04T06:18:36.927Z"}
{"level":"\u001b[32minfo\u001b[39m","message":"{\"method\":\"POST\",\"url\":\"/api/v1/users/login\",\"status\":\"200\",\"responseTime\":\"88.787\"}","timestamp":"2024-09-04T06:18:40.952Z"}
{"level":"\u001b[32minfo\u001b[39m","message":"{\"method\":\"POST\",\"url\":\"/api/v1/users/logout\",\"status\":\"200\",\"responseTime\":\"4.176\"}","timestamp":"2024-09-04T06:19:24.876Z"}
{"level":"\u001b[31merror\u001b[39m","message":"{\"method\":\"POST\",\"url\":\"/api/v1/users/login\",\"status\":\"404\",\"responseTime\":\"86.039\"}","timestamp":"2024-09-04T06:19:28.333Z"}
{"level":"\u001b[31merror\u001b[39m","message":"{\"method\":\"GET\",\"url\":\"/api/v1/users/check-cookie\",\"status\":\"500\",\"responseTime\":\"6.703\"}","timestamp":"2024-09-04T06:20:47.802Z"}
{"level":"\u001b[31merror\u001b[39m","message":"{\"method\":\"GET\",\"url\":\"/api/v1/users/\",\"status\":\"500\",\"responseTime\":\"0.947\"}","timestamp":"2024-09-04T06:20:47.817Z"}
{"level":"\u001b[31merror\u001b[39m","message":"{\"method\":\"GET\",\"url\":\"/api/v1/users/check-cookie\",\"status\":\"500\",\"responseTime\":\"1.241\"}","timestamp":"2024-09-04T06:20:59.767Z"}
{"level":"\u001b[31merror\u001b[39m","message":"{\"method\":\"GET\",\"url\":\"/api/v1/users/\",\"status\":\"500\",\"responseTime\":\"0.249\"}","timestamp":"2024-09-04T06:20:59.769Z"}
{"level":"\u001b[31merror\u001b[39m","message":"{\"method\":\"GET\",\"url\":\"/api/v1/users/check-cookie\",\"status\":\"500\",\"responseTime\":\"2.237\"}","timestamp":"2024-09-04T06:21:33.531Z"}
{"level":"\u001b[31merror\u001b[39m","message":"{\"method\":\"GET\",\"url\":\"/api/v1/users/\",\"status\":\"500\",\"responseTime\":\"0.717\"}","timestamp":"2024-09-04T06:21:33.536Z"}
{"level":"\u001b[31merror\u001b[39m","message":"{\"method\":\"GET\",\"url\":\"/api/v1/users/check-cookie\",\"status\":\"500\",\"responseTime\":\"1.037\"}","timestamp":"2024-09-04T06:21:34.602Z"}
{"level":"\u001b[31merror\u001b[39m","message":"{\"method\":\"GET\",\"url\":\"/api/v1/users/\",\"status\":\"500\",\"responseTime\":\"0.144\"}","timestamp":"2024-09-04T06:21:34.603Z"}
{"level":"\u001b[32minfo\u001b[39m","message":"{\"method\":\"GET\",\"url\":\"/api/v1/users/check-cookie\",\"status\":\"200\",\"responseTime\":\"2.070\"}","timestamp":"2024-09-04T06:21:59.781Z"}
{"level":"\u001b[32minfo\u001b[39m","message":"{\"method\":\"GET\",\"url\":\"/api/v1/users/\",\"status\":\"200\",\"responseTime\":\"13.753\"}","timestamp":"2024-09-04T06:21:59.799Z"}
{"level":"\u001b[31merror\u001b[39m","message":"{\"method\":\"POST\",\"url\":\"/api/v1/users/login\",\"status\":\"404\",\"responseTime\":\"86.711\"}","timestamp":"2024-09-04T06:22:43.354Z"}
{"level":"\u001b[32minfo\u001b[39m","message":"{\"method\":\"GET\",\"url\":\"/api/v1/users/check-cookie\",\"status\":\"304\",\"responseTime\":\"1.068\"}","timestamp":"2024-09-04T06:22:53.790Z"}
{"level":"\u001b[32minfo\u001b[39m","message":"{\"method\":\"GET\",\"url\":\"/api/v1/users/\",\"status\":\"304\",\"responseTime\":\"19.915\"}","timestamp":"2024-09-04T06:22:53.812Z"}
{"level":"\u001b[32minfo\u001b[39m","message":"{\"method\":\"GET\",\"url\":\"/api/v1/users/check-cookie\",\"status\":\"304\",\"responseTime\":\"0.758\"}","timestamp":"2024-09-04T06:22:56.448Z"}
{"level":"\u001b[32minfo\u001b[39m","message":"{\"method\":\"GET\",\"url\":\"/api/v1/users/\",\"status\":\"304\",\"responseTime\":\"10.565\"}","timestamp":"2024-09-04T06:22:56.461Z"}
{"level":"\u001b[32minfo\u001b[39m","message":"{\"method\":\"GET\",\"url\":\"/api/v1/users/check-cookie\",\"status\":\"304\",\"responseTime\":\"3.312\"}","timestamp":"2024-09-04T06:23:56.541Z"}
{"level":"\u001b[32minfo\u001b[39m","message":"{\"method\":\"GET\",\"url\":\"/api/v1/users/\",\"status\":\"304\",\"responseTime\":\"36.741\"}","timestamp":"2024-09-04T06:23:56.586Z"}
{"level":"\u001b[31merror\u001b[39m","message":"{\"method\":\"POST\",\"url\":\"/api/v1/users/login\",\"status\":\"404\",\"responseTime\":\"86.319\"}","timestamp":"2024-09-04T06:25:00.262Z"}
{"level":"\u001b[32minfo\u001b[39m","message":"{\"method\":\"GET\",\"url\":\"/api/v1/users/check-cookie\",\"status\":\"304\",\"responseTime\":\"3.094\"}","timestamp":"2024-09-04T06:25:11.441Z"}
{"level":"\u001b[32minfo\u001b[39m","message":"{\"method\":\"GET\",\"url\":\"/api/v1/users/\",\"status\":\"304\",\"responseTime\":\"27.354\"}","timestamp":"2024-09-04T06:25:11.484Z"}
{"level":"\u001b[32minfo\u001b[39m","message":"{\"method\":\"GET\",\"url\":\"/api/v1/users/check-cookie\",\"status\":\"304\",\"responseTime\":\"1.353\"}","timestamp":"2024-09-04T06:25:43.630Z"}
{"level":"\u001b[32minfo\u001b[39m","message":"{\"method\":\"GET\",\"url\":\"/api/v1/users/\",\"status\":\"304\",\"responseTime\":\"13.908\"}","timestamp":"2024-09-04T06:25:43.646Z"}
{"level":"\u001b[32minfo\u001b[39m","message":"{\"method\":\"GET\",\"url\":\"/api/v1/users/check-cookie\",\"status\":\"304\",\"responseTime\":\"2.904\"}","timestamp":"2024-09-04T06:33:59.291Z"}
{"level":"\u001b[32minfo\u001b[39m","message":"{\"method\":\"GET\",\"url\":\"/api/v1/users/\",\"status\":\"304\",\"responseTime\":\"16.908\"}","timestamp":"2024-09-04T06:33:59.326Z"}
{"level":"\u001b[32minfo\u001b[39m","message":"{\"method\":\"GET\",\"url\":\"/api/v1/users/check-cookie\",\"status\":\"304\",\"responseTime\":\"21.194\"}","timestamp":"2024-09-04T06:37:17.103Z"}
{"level":"\u001b[32minfo\u001b[39m","message":"{\"method\":\"GET\",\"url\":\"/api/v1/users/\",\"status\":\"304\",\"responseTime\":\"100.484\"}","timestamp":"2024-09-04T06:37:17.211Z"}
{"level":"\u001b[32minfo\u001b[39m","message":"{\"method\":\"GET\",\"url\":\"/api/v1/users/check-cookie\",\"status\":\"304\",\"responseTime\":\"1.987\"}","timestamp":"2024-09-04T06:39:32.929Z"}
{"level":"\u001b[32minfo\u001b[39m","message":"{\"method\":\"GET\",\"url\":\"/api/v1/users/\",\"status\":\"304\",\"responseTime\":\"24.412\"}","timestamp":"2024-09-04T06:39:32.957Z"}
{"level":"\u001b[32minfo\u001b[39m","message":"{\"method\":\"GET\",\"url\":\"/api/v1/users/check-cookie\",\"status\":\"304\",\"responseTime\":\"6.232\"}","timestamp":"2024-09-04T06:40:35.092Z"}
{"level":"\u001b[32minfo\u001b[39m","message":"{\"method\":\"GET\",\"url\":\"/api/v1/users/\",\"status\":\"304\",\"responseTime\":\"25.212\"}","timestamp":"2024-09-04T06:40:35.126Z"}
{"level":"\u001b[32minfo\u001b[39m","message":"{\"method\":\"POST\",\"url\":\"/api/v1/users/login\",\"status\":\"200\",\"responseTime\":\"108.189\"}","timestamp":"2024-09-04T06:43:17.597Z"}
{"level":"\u001b[32minfo\u001b[39m","message":"{\"method\":\"GET\",\"url\":\"/api/v1/users/check-cookie\",\"status\":\"304\",\"responseTime\":\"0.796\"}","timestamp":"2024-09-04T06:43:17.613Z"}
{"level":"\u001b[32minfo\u001b[39m","message":"{\"method\":\"GET\",\"url\":\"/api/v1/users/\",\"status\":\"304\",\"responseTime\":\"4.849\"}","timestamp":"2024-09-04T06:43:17.628Z"}
{"level":"\u001b[32minfo\u001b[39m","message":"{\"method\":\"GET\",\"url\":\"/api/v1/users/check-cookie\",\"status\":\"304\",\"responseTime\":\"2.965\"}","timestamp":"2024-09-04T06:43:32.056Z"}
{"level":"\u001b[32minfo\u001b[39m","message":"{\"method\":\"GET\",\"url\":\"/api/v1/users/\",\"status\":\"304\",\"responseTime\":\"35.366\"}","timestamp":"2024-09-04T06:43:32.093Z"}
{"level":"\u001b[32minfo\u001b[39m","message":"{\"method\":\"POST\",\"url\":\"/api/v1/users/login\",\"status\":\"200\",\"responseTime\":\"110.816\"}","timestamp":"2024-09-04T06:50:02.820Z"}
{"level":"\u001b[32minfo\u001b[39m","message":"{\"method\":\"GET\",\"url\":\"/api/v1/users/check-cookie\",\"status\":\"304\",\"responseTime\":\"0.953\"}","timestamp":"2024-09-04T06:50:02.845Z"}
{"level":"\u001b[32minfo\u001b[39m","message":"{\"method\":\"GET\",\"url\":\"/api/v1/users/\",\"status\":\"304\",\"responseTime\":\"14.324\"}","timestamp":"2024-09-04T06:50:02.864Z"}
{"level":"\u001b[32minfo\u001b[39m","message":"{\"method\":\"GET\",\"url\":\"/api/v1/users/check-cookie\",\"status\":\"304\",\"responseTime\":\"0.682\"}","timestamp":"2024-09-04T06:50:18.857Z"}
{"level":"\u001b[32minfo\u001b[39m","message":"{\"method\":\"GET\",\"url\":\"/api/v1/users/\",\"status\":\"304\",\"responseTime\":\"5.788\"}","timestamp":"2024-09-04T06:50:18.864Z"}
{"level":"\u001b[32minfo\u001b[39m","message":"{\"method\":\"GET\",\"url\":\"/api/v1/users/check-cookie\",\"status\":\"304\",\"responseTime\":\"1.686\"}","timestamp":"2024-09-04T06:50:36.142Z"}
{"level":"\u001b[32minfo\u001b[39m","message":"{\"method\":\"GET\",\"url\":\"/api/v1/users/\",\"status\":\"304\",\"responseTime\":\"28.774\"}","timestamp":"2024-09-04T06:50:36.173Z"}
{"level":"\u001b[32minfo\u001b[39m","message":"{\"method\":\"GET\",\"url\":\"/api/v1/users/check-cookie\",\"status\":\"304\",\"responseTime\":\"1.425\"}","timestamp":"2024-09-04T06:51:07.087Z"}
{"level":"\u001b[32minfo\u001b[39m","message":"{\"method\":\"GET\",\"url\":\"/api/v1/users/\",\"status\":\"304\",\"responseTime\":\"55.465\"}","timestamp":"2024-09-04T06:51:07.145Z"}
{"level":"\u001b[32minfo\u001b[39m","message":"{\"method\":\"GET\",\"url\":\"/api/v1/users/check-cookie\",\"status\":\"304\",\"responseTime\":\"0.330\"}","timestamp":"2024-09-04T06:51:09.741Z"}
{"level":"\u001b[32minfo\u001b[39m","message":"{\"method\":\"GET\",\"url\":\"/api/v1/users/\",\"status\":\"304\",\"responseTime\":\"2.594\"}","timestamp":"2024-09-04T06:51:09.745Z"}
{"level":"\u001b[32minfo\u001b[39m","message":"{\"method\":\"GET\",\"url\":\"/api/v1/users/check-cookie\",\"status\":\"304\",\"responseTime\":\"0.608\"}","timestamp":"2024-09-04T06:51:11.056Z"}
{"level":"\u001b[32minfo\u001b[39m","message":"{\"method\":\"GET\",\"url\":\"/api/v1/users/\",\"status\":\"304\",\"responseTime\":\"2.708\"}","timestamp":"2024-09-04T06:51:11.060Z"}
{"level":"\u001b[32minfo\u001b[39m","message":"{\"method\":\"GET\",\"url\":\"/api/v1/users/check-cookie\",\"status\":\"304\",\"responseTime\":\"1.299\"}","timestamp":"2024-09-04T06:51:41.342Z"}
{"level":"\u001b[32minfo\u001b[39m","message":"{\"method\":\"GET\",\"url\":\"/api/v1/users/\",\"status\":\"304\",\"responseTime\":\"56.808\"}","timestamp":"2024-09-04T06:51:41.401Z"}
